#
# There is insufficient memory for the Java Runtime Environment to continue.
# Native memory allocation (malloc) failed to allocate 8192 bytes for AllocateHeap
# Possible reasons:
#   The system is out of physical RAM or swap space
#   The process is running with CompressedOops enabled, and the Java Heap may be blocking the growth of the native heap
# Possible solutions:
#   Reduce memory load on the system
#   Increase physical memory or swap space
#   Check if swap backing store is full
#   Decrease Java heap size (-Xmx/-Xms)
#   Decrease number of Java threads
#
#  , pid=12868, tid=0x0000000000000f08
#
# JRE version: Java(TM) SE Runtime Environment (8.0_231-b11) (build 1.8.0_231-b11)
# Java VM: Java HotSpot(TM) 64-Bit Server VM (25.231-b11 mixed mode windows-amd64 compressed oops)
# Failed to write core dump. Minidumps are not enabled by default on client versions of Windows
#

---------------  T H R E A D  ---------------

Current thread (0x0000000002e8e800):  JavaThread "main" [_thread_in_vm, id=3848, stack(0x0000000002b10000,0x0000000002c10000)]

Stack: [0x0000000002b10000,0x0000000002c10000]
[error occurred during error reporting (printing stack bounds), id 0xc0000005]

Native frames: (J=compiled Java code, j=interpreted, Vv=VM code, C=native code)

Java frames: (J=compiled Java code, j=interpreted, Vv=VM code)
j  java.net.URLClassLoader.defineClass(Ljava/lang/String;Lsun/misc/Resource;)Ljava/lang/Class;+121
j  java.net.URLClassLoader.access$100(Ljava/net/URLClassLoader;Ljava/lang/String;Lsun/misc/Resource;)Ljava/lang/Class;+3
j  java.net.URLClassLoader$1.run()Ljava/lang/Class;+43
j  java.net.URLClassLoader$1.run()Ljava/lang/Object;+1
v  ~StubRoutines::call_stub
j  java.security.AccessController.doPrivileged(Ljava/security/PrivilegedExceptionAction;Ljava/security/AccessControlContext;)Ljava/lang/Object;+0
j  java.net.URLClassLoader.findClass(Ljava/lang/String;)Ljava/lang/Class;+13
j  java.lang.ClassLoader.loadClass(Ljava/lang/String;Z)Ljava/lang/Class;+70
j  sun.misc.Launcher$AppClassLoader.loadClass(Ljava/lang/String;Z)Ljava/lang/Class;+81
j  java.lang.ClassLoader.loadClass(Ljava/lang/String;)Ljava/lang/Class;+3
j  sun.launcher.LauncherHelper.checkAndLoadMain(ZILjava/lang/String;)Ljava/lang/Class;+93
v  ~StubRoutines::call_stub

---------------  P R O C E S S  ---------------

Java Threads: ( => current thread )
  0x0000000019d67800 JavaThread "Service Thread" daemon [_thread_blocked, id=5540, stack(0x000000001a7d0000,0x000000001a8d0000)]
  0x0000000019d60000 JavaThread "C1 CompilerThread3" daemon [_thread_blocked, id=4832, stack(0x000000001a6d0000,0x000000001a7d0000)]
  0x0000000019d5c000 JavaThread "C2 CompilerThread2" daemon [_thread_blocked, id=21016, stack(0x000000001a5d0000,0x000000001a6d0000)]
  0x0000000019d5b800 JavaThread "C2 CompilerThread1" daemon [_thread_blocked, id=6040, stack(0x000000001a4d0000,0x000000001a5d0000)]
  0x0000000019cff000 JavaThread "C2 CompilerThread0" daemon [_thread_blocked, id=20908, stack(0x000000001a3d0000,0x000000001a4d0000)]
  0x0000000019cf8000 JavaThread "Attach Listener" daemon [_thread_blocked, id=22280, stack(0x000000001a2d0000,0x000000001a3d0000)]
  0x0000000019cf7000 JavaThread "Signal Dispatcher" daemon [_thread_blocked, id=8580, stack(0x000000001a1d0000,0x000000001a2d0000)]
  0x0000000019cf0800 JavaThread "Finalizer" daemon [_thread_blocked, id=20076, stack(0x000000001a0d0000,0x000000001a1d0000)]
  0x0000000002db9800 JavaThread "Reference Handler" daemon [_thread_blocked, id=7096, stack(0x0000000019bd0000,0x0000000019cd0000)]
=>0x0000000002e8e800 JavaThread "main" [_thread_in_vm, id=3848, stack(0x0000000002b10000,0x0000000002c10000)]

Other Threads:
  0x0000000017df9000 VMThread [stack: 0x0000000019ad0000,0x0000000019bd0000] [id=21984]
  0x0000000019d6a000 WatcherThread [stack: 0x000000001a8d0000,0x000000001a9d0000] [id=19140]

VM state:not at safepoint (normal execution)

VM Mutex/Monitor currently owned by a thread:  ([mutex/lock_event])
[0x0000000002e8dcb0] SymbolTable_lock - owner thread: 0x0000000002e8e800

heap address: 0x0000000081e00000, size: 2018 MB, Compressed Oops mode: 32-bit
Narrow klass base: 0x0000000000000000, Narrow klass shift: 3
Compressed class space size: 1073741824 Address: 0x0000000100000000

Heap:
 PSYoungGen      total 38400K, used 1331K [0x00000000d5f80000, 0x00000000d8a00000, 0x0000000100000000)
  eden space 33280K, 4% used [0x00000000d5f80000,0x00000000d60ccce8,0x00000000d8000000)
  from space 5120K, 0% used [0x00000000d8500000,0x00000000d8500000,0x00000000d8a00000)
  to   space 5120K, 0% used [0x00000000d8000000,0x00000000d8000000,0x00000000d8500000)
 ParOldGen       total 87552K, used 0K [0x0000000081e00000, 0x0000000087380000, 0x00000000d5f80000)
  object space 87552K, 0% used [0x0000000081e00000,0x0000000081e00000,0x0000000087380000)
 Metaspace       used 2308K, capacity 4480K, committed 4480K, reserved 1056768K
  class space    used 257K, capacity 384K, committed 384K, reserved 1048576K

Card table byte_map: [0x0000000012250000,0x0000000012650000] byte_map_base: 0x0000000011e41000

Marking Bits: (ParMarkBitMap*) 0x000000005e116d90
 Begin Bits: [0x0000000013100000, 0x0000000015088000)
 End Bits:   [0x0000000015088000, 0x0000000017010000)

Polling page: 0x0000000001340000

CodeCache: size=245760Kb used=1101Kb max_used=1101Kb free=244658Kb
 bounds [0x0000000002e90000, 0x0000000003100000, 0x0000000011e90000]
 total_blobs=250 nmethods=22 adapters=142
 compilation: enabled

Compilation events (10 events):
Event: 2.573 Thread 0x0000000019cff000 nmethod 16 0x0000000002fa2e90 code [0x0000000002fa2fe0, 0x0000000002fa3098]
Event: 2.573 Thread 0x0000000019d60000 nmethod 18 0x0000000002fa2ad0 code [0x0000000002fa2c20, 0x0000000002fa2e10]
Event: 2.692 Thread 0x0000000019d60000   19  s    3       java.lang.StringBuffer::append (13 bytes)
Event: 2.693 Thread 0x0000000019d60000 nmethod 19 0x0000000002fa1e50 code [0x0000000002fa2000, 0x0000000002fa2718]
Event: 2.696 Thread 0x0000000019d60000   20       3       java.lang.AbstractStringBuilder::append (50 bytes)
Event: 2.697 Thread 0x0000000019d60000 nmethod 20 0x0000000002fa1210 code [0x0000000002fa13e0, 0x0000000002fa1b38]
Event: 2.698 Thread 0x0000000019d60000   21       3       java.util.Arrays::copyOfRange (63 bytes)
Event: 2.699 Thread 0x0000000019d60000 nmethod 21 0x0000000002fa3190 code [0x0000000002fa33a0, 0x0000000002fa3ed8]
Event: 2.705 Thread 0x0000000019d60000   22       3       java.lang.System::getSecurityManager (4 bytes)
Event: 2.706 Thread 0x0000000019d60000 nmethod 22 0x0000000002fa0f10 code [0x0000000002fa1060, 0x0000000002fa1190]

GC Heap History (0 events):
No events

Deoptimization events (0 events):
No events

Classes redefined (0 events):
No events

Internal exceptions (2 events):
Event: 0.360 Thread 0x0000000002e8e800 Exception <a 'java/lang/NoSuchMethodError': Method sun.misc.Unsafe.defineClass(Ljava/lang/String;[BII)Ljava/lang/Class; name or signature does not match> (0x00000000d5f87cb8) thrown at [C:\re\workspace\8-2-build-windows-amd64-cygwin\jdk8u231\13620\hotspot
Event: 0.361 Thread 0x0000000002e8e800 Exception <a 'java/lang/NoSuchMethodError': Method sun.misc.Unsafe.prefetchRead(Ljava/lang/Object;J)V name or signature does not match> (0x00000000d5f87fa0) thrown at [C:\re\workspace\8-2-build-windows-amd64-cygwin\jdk8u231\13620\hotspot\src\share\vm\prim

Events (10 events):
Event: 2.700 loading class sun/misc/URLClassPath$FileLoader done
Event: 2.702 loading class sun/misc/URLClassPath$FileLoader$1
Event: 2.702 loading class sun/misc/Resource
Event: 2.703 loading class sun/misc/Resource done
Event: 2.703 loading class sun/misc/URLClassPath$FileLoader$1 done
Event: 2.704 loading class java/lang/Package
Event: 2.704 loading class java/lang/Package done
Event: 2.705 loading class sun/nio/ByteBuffered
Event: 2.705 loading class sun/nio/ByteBuffered done
Event: 2.706 loading class sun/misc/PerfCounter


Dynamic libraries:
0x00007ff677790000 - 0x00007ff6777c7000 	C:\Program Files\Java\jre1.8.0_231\bin\javaw.exe
0x00007ffdaba60000 - 0x00007ffdabc50000 	C:\WINDOWS\SYSTEM32\ntdll.dll
0x00007ffdaa130000 - 0x00007ffdaa1e2000 	C:\WINDOWS\System32\KERNEL32.DLL
0x00007ffda91c0000 - 0x00007ffda9463000 	C:\WINDOWS\System32\KERNELBASE.dll
0x00007ffdaa080000 - 0x00007ffdaa123000 	C:\WINDOWS\System32\ADVAPI32.dll
0x00007ffdaa1f0000 - 0x00007ffdaa28e000 	C:\WINDOWS\System32\msvcrt.dll
0x00007ffdab980000 - 0x00007ffdaba17000 	C:\WINDOWS\System32\sechost.dll
0x00007ffda9e00000 - 0x00007ffda9f20000 	C:\WINDOWS\System32\RPCRT4.dll
0x00007ffdab130000 - 0x00007ffdab2c4000 	C:\WINDOWS\System32\USER32.dll
0x00007ffda9490000 - 0x00007ffda94b1000 	C:\WINDOWS\System32\win32u.dll
0x00007ffda9b10000 - 0x00007ffda9b36000 	C:\WINDOWS\System32\GDI32.dll
0x00007ffda9840000 - 0x00007ffda99d4000 	C:\WINDOWS\System32\gdi32full.dll
0x00007ffda96f0000 - 0x00007ffda978e000 	C:\WINDOWS\System32\msvcp_win.dll
0x00007ffda9a10000 - 0x00007ffda9b0a000 	C:\WINDOWS\System32\ucrtbase.dll
0x00007ffd9b130000 - 0x00007ffd9b3b5000 	C:\WINDOWS\WinSxS\amd64_microsoft.windows.common-controls_6595b64144ccf1df_6.0.18362.657_none_e6c5b579130e3898\COMCTL32.dll
0x00007ffdaad30000 - 0x00007ffdab066000 	C:\WINDOWS\System32\combase.dll
0x00007ffda94c0000 - 0x00007ffda9540000 	C:\WINDOWS\System32\bcryptPrimitives.dll
0x00007ffda9dd0000 - 0x00007ffda9dfe000 	C:\WINDOWS\System32\IMM32.DLL
0x000000005e270000 - 0x000000005e342000 	C:\Program Files\Java\jre1.8.0_231\bin\msvcr100.dll
0x000000005d8f0000 - 0x000000005e196000 	C:\Program Files\Java\jre1.8.0_231\bin\server\jvm.dll
0x00007ffdab120000 - 0x00007ffdab128000 	C:\WINDOWS\System32\PSAPI.DLL
0x00007ffd9c700000 - 0x00007ffd9c709000 	C:\WINDOWS\SYSTEM32\WSOCK32.dll
0x00007ffdaab10000 - 0x00007ffdaab7f000 	C:\WINDOWS\System32\WS2_32.dll
0x00007ffd9dde0000 - 0x00007ffd9de04000 	C:\WINDOWS\SYSTEM32\WINMM.dll
0x00007ffda45d0000 - 0x00007ffda45da000 	C:\WINDOWS\SYSTEM32\VERSION.dll
0x00007ffd9df00000 - 0x00007ffd9df2d000 	C:\WINDOWS\SYSTEM32\WINMMBASE.dll
0x00007ffda89f0000 - 0x00007ffda8a3a000 	C:\WINDOWS\System32\cfgmgr32.dll
0x00007ffda32b0000 - 0x00007ffda32bf000 	C:\Program Files\Java\jre1.8.0_231\bin\verify.dll
0x00007ffd9d790000 - 0x00007ffd9d7b9000 	C:\Program Files\Java\jre1.8.0_231\bin\java.dll
0x00007ffda0630000 - 0x00007ffda0646000 	C:\Program Files\Java\jre1.8.0_231\bin\zip.dll
0x00007ffdaa3a0000 - 0x00007ffdaaa85000 	C:\WINDOWS\System32\SHELL32.dll
0x00007ffdab070000 - 0x00007ffdab119000 	C:\WINDOWS\System32\shcore.dll
0x00007ffda8a40000 - 0x00007ffda91bf000 	C:\WINDOWS\System32\windows.storage.dll
0x00007ffda89b0000 - 0x00007ffda89cf000 	C:\WINDOWS\System32\profapi.dll
0x00007ffda8960000 - 0x00007ffda89aa000 	C:\WINDOWS\System32\powrprof.dll
0x00007ffda8930000 - 0x00007ffda8940000 	C:\WINDOWS\System32\UMPDC.dll
0x00007ffdaacd0000 - 0x00007ffdaad22000 	C:\WINDOWS\System32\shlwapi.dll
0x00007ffda8940000 - 0x00007ffda8951000 	C:\WINDOWS\System32\kernel.appcore.dll
0x00007ffda9470000 - 0x00007ffda9487000 	C:\WINDOWS\System32\cryptsp.dll

VM Arguments:
jvm_args: -Dfile.encoding=UTF-8 
java_command: yi_java3st_2team.ui.LoginFrameIS
java_class_path (initial): C:\workspace\workspace_java\yi_java3st_2team\bin\main;C:\Users\dlstj\.gradle\caches\modules-2\files-2.1\com.zaxxer\HikariCP\3.4.2\57128550e21a83cd1dbf7e82d343b8fbe1f435b\HikariCP-3.4.2.jar;C:\Users\dlstj\.gradle\caches\modules-2\files-2.1\org.apache.logging.log4j\log4j-core\2.13.0\57b8b57dac4c87696acb4b8457fd8cbf4273d40d\log4j-core-2.13.0.jar;C:\Users\dlstj\.gradle\caches\modules-2\files-2.1\org.apache.logging.log4j\log4j-api\2.13.0\adaee84c60e0705cf39df8b9fedfab100d3faf2\log4j-api-2.13.0.jar;C:\Users\dlstj\.gradle\caches\modules-2\files-2.1\mysql\mysql-connector-java\5.1.48\9140be77aafa5050bf4bb936d560cbacb5a6b5c1\mysql-connector-java-5.1.48.jar;C:\Users\dlstj\.gradle\caches\modules-2\files-2.1\com.jtattoo\JTattoo\1.6.13\d6cea12f39f6422c8bba8abf33bdd876ae80249e\JTattoo-1.6.13.jar;C:\Users\dlstj\.gradle\caches\modules-2\files-2.1\com.toedter\jcalendar\1.4\180cf82b37b0c1324e7de33bd0114be7d86678cd\jcalendar-1.4.jar;C:\Users\dlstj\.gradle\caches\modules-2\files-2.1\org.jfree\jfreechart\1.5.0\bc7919249bac68c15c433ed51cb798a1bf8cd74e\jfreechart-1.5.0.jar;C:\Users\dlstj\.gradle\caches\modules-2\files-2.1\org.slf4j\slf4j-api\1.7.25\da76ca59f6a57ee3102f8f9bd9cee742973efa8a\slf4j-api-1.7.25.jar
Launcher Type: SUN_STANDARD

Environment Variables:
JAVA_HOME=C:\Program Files\Java\jdk1.8.0_231
PATH=C:/Program Files/Java/jre1.8.0_231/bin/server;C:/Program Files/Java/jre1.8.0_231/bin;C:/Program Files/Java/jre1.8.0_231/lib/amd64;C:\Program Files (x86)\Common Files\Oracle\Java\javapath;C:\Program Files (x86)\Intel\iCLS Client\;C:\Program Files\Intel\iCLS Client\;C:\WINDOWS\system32;C:\WINDOWS;C:\WINDOWS\System32\Wbem;C:\WINDOWS\System32\WindowsPowerShell\v1.0\;C:\Program Files (x86)\Intel\Intel(R) Management Engine Components\DAL;C:\Program Files\Intel\Intel(R) Management Engine Components\DAL;C:\Program Files (x86)\Intel\Intel(R) Management Engine Components\IPT;C:\Program Files\Intel\Intel(R) Management Engine Components\IPT;C:\WINDOWS\System32\OpenSSH\;C:\Program Files\Intel\WiFi\bin\;C:\Program Files\Common Files\Intel\WirelessCommon\;C:\Program Files\Java\jdk1.8.0_231\bin;C:\Program Files\MySQL\MySQL Server 5.7\bin;C:\gradle-6.2\bin;C:\Users\dlstj\AppData\Local\Microsoft\WindowsApps;C:\Program Files\Bandizip\;;C:\eclipse_java\eclipse;
USERNAME=dlstj
OS=Windows_NT
PROCESSOR_IDENTIFIER=Intel64 Family 6 Model 142 Stepping 10, GenuineIntel



---------------  S Y S T E M  ---------------

OS: Windows 10.0 , 64 bit Build 18362 (10.0.18362.329)

CPU:total 8 (initial active 8) (4 cores per cpu, 2 threads per core) family 6 model 142 stepping 10, cmov, cx8, fxsr, mmx, sse, sse2, sse3, ssse3, sse4.1, sse4.2, popcnt, avx, avx2, aes, clmul, erms, 3dnowpref, lzcnt, ht, tsc, tscinvbit, bmi1, bmi2, adx

Memory: 4k page, physical 8259236k(2729044k free), swap 23726880k(0k free)

vm_info: Java HotSpot(TM) 64-Bit Server VM (25.231-b11) for windows-amd64 JRE (1.8.0_231-b11), built on Oct  5 2019 03:11:30 by "java_re" with MS VC++ 10.0 (VS2010)

time: Mon Feb 24 23:32:06 2020
timezone: 
elapsed time: 2 seconds (0d 0h 0m 2s)

