#
# A fatal error has been detected by the Java Runtime Environment:
#
#  EXCEPTION_ACCESS_VIOLATION (0xc0000005) at pc=0x000000006f854d07, pid=8548, tid=0x0000000000000fe0
#
# JRE version: Java(TM) SE Runtime Environment (8.0_221-b11) (build 1.8.0_221-b11)
# Java VM: Java HotSpot(TM) 64-Bit Server VM (25.221-b11 mixed mode windows-amd64 compressed oops)
# Problematic frame:
# V  [jvm.dll+0x214d07]
#
# Failed to write core dump. Minidumps are not enabled by default on client versions of Windows
#
# If you would like to submit a bug report, please visit:
#   http://bugreport.java.com/bugreport/crash.jsp
#

---------------  T H R E A D  ---------------

Current thread (0x0000000015fa9000):  JavaThread "Image Fetcher 1" daemon [_thread_in_vm, id=4064, stack(0x0000000019300000,0x0000000019400000)]

siginfo: ExceptionCode=0xc0000005, writing address 0x00000000193f8ed0

Registers:
RAX=0x00000000193f8ed0, RBX=0x0000000000000007, RCX=0x0000000000006000, RDX=0x0000000000000006
RSP=0x00000000193feed0, RBP=0x0000000000000000, RSI=0x00000000193feed0, RDI=0x0000000000000007
R8 =0x0000000000000006, R9 =0x00000000167af230, R10=0x00000000144a8cf0, R11=0x000000001930a1b0
R12=0x00000000167af230, R13=0x0000000015fa9000, R14=0x00000000193fef98, R15=0x00000000144a8cf0
RIP=0x000000006f854d07, EFLAGS=0x0000000000010202

Top of Stack: (sp=0x00000000193feed0)
0x00000000193feed0:   0000000000750cc0 0000000100006c48
0x00000000193feee0:   0000000015fa9000 00000000167af230
0x00000000193feef0:   00000000ffffffff 000000006f855c37
0x00000000193fef00:   00000000193ff000 00000000144a8cf0
0x00000000193fef10:   0000000015fa9000 000000006f701013
0x00000000193fef20:   00000000193fef60 0000000015fa9000
0x00000000193fef30:   00000000193feff0 0000000015fa9000
0x00000000193fef40:   00000000144a8cf0 0000000015fa9000
0x00000000193fef50:   0000000002653be0 0000000015fa9000
0x00000000193fef60:   00000000144a8cf0 0000000015fa9000
0x00000000193fef70:   0000000013e8e3c0 0000000015fa9000
0x00000000193fef80:   0000000000000001 00000000144a8cf0
0x00000000193fef90:   0000000015fa9000 0000000015fab3e0
0x00000000193fefa0:   0000000015fa9000 000000006f70277d
0x00000000193fefb0:   00000000193ff2b8 0000000100006c48
0x00000000193fefc0:   00000001000e8e20 00007ffd48c30000 

Instructions: (pc=0x000000006f854d07)
0x000000006f854ce7:   48 89 6c 24 30 33 ed 66 90 e8 2b 5e 08 00 ff c3
0x000000006f854cf7:   48 63 c8 48 8b c6 48 0f af cf 48 ff c7 48 2b c1
0x000000006f854d07:   89 28 48 63 c3 48 3b 05 95 ab 59 00 7e db 48 8b
0x000000006f854d17:   6c 24 30 48 8b 5c 24 38 48 8b 74 24 40 48 83 c4 


Register to memory mapping:

RAX=0x00000000193f8ed0 is pointing into the stack for thread: 0x0000000015fa9000
RBX=0x0000000000000007 is an unknown value
RCX=0x0000000000006000 is an unknown value
RDX=0x0000000000000006 is an unknown value
RSP=0x00000000193feed0 is pointing into the stack for thread: 0x0000000015fa9000
RBP=0x0000000000000000 is an unknown value
RSI=0x00000000193feed0 is pointing into the stack for thread: 0x0000000015fa9000
RDI=0x0000000000000007 is an unknown value
R8 =0x0000000000000006 is an unknown value
R9 =0x00000000167af230 is an unknown value
R10={method} {0x00000000144a8cf8} 'run' '()V' in 'sun/awt/image/ImageFetcher'
R11=0x000000001930a1b0 is pointing into the stack for thread: 0x0000000015fa9000
R12=0x00000000167af230 is an unknown value
R13=0x0000000015fa9000 is a thread
R14=0x00000000193fef98 is pointing into the stack for thread: 0x0000000015fa9000
R15={method} {0x00000000144a8cf8} 'run' '()V' in 'sun/awt/image/ImageFetcher'


Stack: [0x0000000019300000,0x0000000019400000],  sp=0x00000000193feed0,  free space=1019k
Native frames: (J=compiled Java code, j=interpreted, Vv=VM code, C=native code)


---------------  P R O C E S S  ---------------

Java Threads: ( => current thread )
=>0x0000000015fa9000 JavaThread "Image Fetcher 1" daemon [_thread_in_vm, id=4064, stack(0x0000000019300000,0x0000000019400000)]
  0x0000000015fa7800 JavaThread "Image Fetcher 0" daemon [_thread_in_vm, id=7912, stack(0x0000000019710000,0x0000000019810000)]
  0x0000000015fa2000 JavaThread "DestroyJavaVM" [_thread_blocked, id=10520, stack(0x00000000020b0000,0x00000000021b0000)]
  0x0000000015fa3000 JavaThread "AWT-EventQueue-0" [_thread_blocked, id=3892, stack(0x0000000017360000,0x0000000017460000)]
  0x0000000015fa3800 JavaThread "AWT-Windows" daemon [_thread_in_native, id=8220, stack(0x0000000017160000,0x0000000017260000)]
  0x0000000015fa5000 JavaThread "AWT-Shutdown" [_thread_blocked, id=9496, stack(0x0000000017060000,0x0000000017160000)]
  0x0000000015fa4800 JavaThread "Java2D Disposer" daemon [_thread_blocked, id=9424, stack(0x0000000016f60000,0x0000000017060000)]
  0x0000000015c36000 JavaThread "Service Thread" daemon [_thread_blocked, id=7280, stack(0x00000000164e0000,0x00000000165e0000)]
  0x0000000015bf1000 JavaThread "C1 CompilerThread2" daemon [_thread_blocked, id=10592, stack(0x00000000163e0000,0x00000000164e0000)]
  0x000000001485e800 JavaThread "C2 CompilerThread1" daemon [_thread_in_native, id=10548, stack(0x00000000162e0000,0x00000000163e0000)]
  0x000000001485c800 JavaThread "C2 CompilerThread0" daemon [_thread_blocked, id=10836, stack(0x00000000161e0000,0x00000000162e0000)]
  0x000000001485b000 JavaThread "Attach Listener" daemon [_thread_blocked, id=9948, stack(0x00000000160e0000,0x00000000161e0000)]
  0x0000000015bf0800 JavaThread "Signal Dispatcher" daemon [_thread_blocked, id=11064, stack(0x0000000015fe0000,0x00000000160e0000)]
  0x000000000263a800 JavaThread "Finalizer" daemon [_thread_blocked, id=10884, stack(0x0000000015a60000,0x0000000015b60000)]
  0x0000000002632000 JavaThread "Reference Handler" daemon [_thread_blocked, id=6648, stack(0x0000000015960000,0x0000000015a60000)]

Other Threads:
  0x00000000147c6800 VMThread [stack: 0x0000000015860000,0x0000000015960000] [id=11104]
  0x0000000015c8c800 WatcherThread [stack: 0x00000000165e0000,0x00000000166e0000] [id=920]

VM state:not at safepoint (normal execution)

VM Mutex/Monitor currently owned by a thread: None

heap address: 0x00000000c8a00000, size: 886 MB, Compressed Oops mode: 32-bit
Narrow klass base: 0x0000000000000000, Narrow klass shift: 3
Compressed class space size: 1073741824 Address: 0x0000000100000000

Heap:
 PSYoungGen      total 16896K, used 6791K [0x00000000ed900000, 0x00000000eeb80000, 0x0000000100000000)
  eden space 14848K, 45% used [0x00000000ed900000,0x00000000edfa1f18,0x00000000ee780000)
  from space 2048K, 0% used [0x00000000ee980000,0x00000000ee980000,0x00000000eeb80000)
  to   space 2048K, 0% used [0x00000000ee780000,0x00000000ee780000,0x00000000ee980000)
 ParOldGen       total 38400K, used 0K [0x00000000c8a00000, 0x00000000caf80000, 0x00000000ed900000)
  object space 38400K, 0% used [0x00000000c8a00000,0x00000000c8a00000,0x00000000caf80000)
 Metaspace       used 8162K, capacity 8344K, committed 8576K, reserved 1056768K
  class space    used 973K, capacity 1036K, committed 1152K, reserved 1048576K

Card table byte_map: [0x0000000011a00000,0x0000000011bc0000] byte_map_base: 0x00000000113bb000

Marking Bits: (ParMarkBitMap*) 0x000000006fe65ce0
 Begin Bits: [0x00000000120f0000, 0x0000000012ec8000)
 End Bits:   [0x0000000012ec8000, 0x0000000013ca0000)

Polling page: 0x00000000007b0000

CodeCache: size=245760Kb used=2056Kb max_used=2056Kb free=243703Kb
 bounds [0x0000000002640000, 0x00000000028b0000, 0x0000000011640000]
 total_blobs=735 nmethods=355 adapters=294
 compilation: enabled

Compilation events (10 events):
Event: 1.467 Thread 0x0000000015bf1000 nmethod 346 0x0000000002831190 code [0x0000000002831300, 0x0000000002831688]
Event: 1.558 Thread 0x000000001485c800 nmethod 342% 0x0000000002837790 code [0x00000000028379c0, 0x000000000283ada0]
Event: 1.560 Thread 0x0000000015bf1000  347 % !   3       sun.awt.image.ImageRepresentation::getOpaqueRGBImage @ 54 (164 bytes)
Event: 1.563 Thread 0x0000000015bf1000 nmethod 347% 0x0000000002835e10 code [0x0000000002836040, 0x0000000002836e58]
Event: 1.563 Thread 0x0000000015bf1000  348   !   3       sun.awt.image.ImageRepresentation::getOpaqueRGBImage (164 bytes)
Event: 1.566 Thread 0x0000000015bf1000 nmethod 348 0x0000000002834650 code [0x0000000002834880, 0x0000000002835578]
Event: 1.566 Thread 0x0000000015bf1000  349       3       sun.awt.image.ImageWatched::newInfo (25 bytes)
Event: 1.567 Thread 0x0000000015bf1000 nmethod 349 0x00000000028340d0 code [0x0000000002834240, 0x0000000002834558]
Event: 1.567 Thread 0x0000000015bf1000  350       3       sun.awt.image.ImageWatched$WeakLink::newInfo (78 bytes)
Event: 1.569 Thread 0x0000000015bf1000 nmethod 350 0x0000000002833710 code [0x00000000028338a0, 0x0000000002833ed8]

GC Heap History (0 events):
No events

Deoptimization events (1 events):
Event: 1.068 Thread 0x0000000015fa3000 Uncommon trap: reason=null_check action=make_not_entrant pc=0x00000000027b4654 method=java.lang.String.equals(Ljava/lang/Object;)Z @ 8

Classes redefined (0 events):
No events

Internal exceptions (10 events):
Event: 0.123 Thread 0x000000000221e000 Exception <a 'java/lang/NoSuchMethodError': Method sun.misc.Unsafe.prefetchRead(Ljava/lang/Object;J)V name or signature does not match> (0x00000000ed907fa0) thrown at [C:\re\workspace\8-2-build-windows-amd64-cygwin\jdk8u221\13320\hotspot\src\share\vm\prim
Event: 0.476 Thread 0x000000000221e000 Exception <a 'java/security/PrivilegedActionException'> (0x00000000ed9d8340) thrown at [C:\re\workspace\8-2-build-windows-amd64-cygwin\jdk8u221\13320\hotspot\src\share\vm\prims\jvm.cpp, line 1502]
Event: 0.476 Thread 0x000000000221e000 Exception <a 'java/security/PrivilegedActionException'> (0x00000000ed9d8550) thrown at [C:\re\workspace\8-2-build-windows-amd64-cygwin\jdk8u221\13320\hotspot\src\share\vm\prims\jvm.cpp, line 1502]
Event: 0.477 Thread 0x000000000221e000 Exception <a 'java/security/PrivilegedActionException'> (0x00000000ed9dacd0) thrown at [C:\re\workspace\8-2-build-windows-amd64-cygwin\jdk8u221\13320\hotspot\src\share\vm\prims\jvm.cpp, line 1502]
Event: 0.477 Thread 0x000000000221e000 Exception <a 'java/security/PrivilegedActionException'> (0x00000000ed9daee0) thrown at [C:\re\workspace\8-2-build-windows-amd64-cygwin\jdk8u221\13320\hotspot\src\share\vm\prims\jvm.cpp, line 1502]
Event: 0.493 Thread 0x000000000221e000 Exception <a 'java/io/FileNotFoundException'> (0x00000000ed9ddf88) thrown at [C:\re\workspace\8-2-build-windows-amd64-cygwin\jdk8u221\13320\hotspot\src\share\vm\prims\jni.cpp, line 710]
Event: 0.626 Thread 0x000000000221e000 Exception <a 'java/lang/NoSuchFieldError': method resolution failed> (0x00000000edaf9998) thrown at [C:\re\workspace\8-2-build-windows-amd64-cygwin\jdk8u221\13320\hotspot\src\share\vm\prims\methodHandles.cpp, line 1167]
Event: 0.634 Thread 0x000000000221e000 Exception <a 'java/lang/NoSuchFieldError': method resolution failed> (0x00000000edb06d68) thrown at [C:\re\workspace\8-2-build-windows-amd64-cygwin\jdk8u221\13320\hotspot\src\share\vm\prims\methodHandles.cpp, line 1167]
Event: 0.838 Thread 0x0000000015fa3000 Exception <a 'java/io/FileNotFoundException'> (0x00000000edc06190) thrown at [C:\re\workspace\8-2-build-windows-amd64-cygwin\jdk8u221\13320\hotspot\src\share\vm\prims\jni.cpp, line 710]
Event: 1.068 Thread 0x0000000015fa3000 Implicit null exception at 0x00000000027b449b to 0x00000000027b4645

Events (10 events):
Event: 1.565 loading class java/awt/image/ImageFilter
Event: 1.565 loading class java/awt/image/ImageFilter done
Event: 1.565 Executing VM operation: Deoptimize
Event: 1.566 Executing VM operation: Deoptimize done
Event: 1.566 loading class java/awt/image/ReplicateScaleFilter done
Event: 1.567 loading class java/awt/image/FilteredImageSource
Event: 1.567 loading class java/awt/image/FilteredImageSource done
Event: 1.568 Thread 0x0000000015fa9000 Thread added: 0x0000000015fa9000
Event: 1.568 Thread 0x0000000015fa7800 DEOPT PACKING pc=0x0000000002812594 sp=0x000000001980eed0
Event: 1.568 Thread 0x0000000015fa7800 DEOPT UNPACKING pc=0x0000000002687490 sp=0x000000001980ede8 mode 0


Dynamic libraries:
0x00007ff60b300000 - 0x00007ff60b337000 	C:\Java\jdk1.8.0_221\bin\javaw.exe
0x00007ffd59490000 - 0x00007ffd5963d000 	C:\Windows\SYSTEM32\ntdll.dll
0x00007ffd58dc0000 - 0x00007ffd58eff000 	C:\Windows\system32\KERNEL32.DLL
0x00007ffd56740000 - 0x00007ffd56856000 	C:\Windows\system32\KERNELBASE.dll
0x00007ffd55180000 - 0x00007ffd5520e000 	C:\Windows\system32\apphelp.dll
0x00007ffd4b670000 - 0x00007ffd4b6c5000 	C:\Windows\AppPatch\AppPatch64\AcGenral.DLL
0x00007ffd56b20000 - 0x00007ffd56bca000 	C:\Windows\system32\msvcrt.dll
0x00007ffd56a40000 - 0x00007ffd56a6e000 	C:\Windows\system32\SspiCli.dll
0x00007ffd59110000 - 0x00007ffd59164000 	C:\Windows\system32\SHLWAPI.dll
0x00007ffd57290000 - 0x00007ffd57407000 	C:\Windows\system32\USER32.dll
0x00007ffd58f10000 - 0x00007ffd590a4000 	C:\Windows\system32\ole32.dll
0x00007ffd57470000 - 0x00007ffd5899b000 	C:\Windows\system32\SHELL32.dll
0x00007ffd55e00000 - 0x00007ffd55e21000 	C:\Windows\SYSTEM32\USERENV.dll
0x00007ffd58c30000 - 0x00007ffd58cda000 	C:\Windows\system32\ADVAPI32.dll
0x00007ffd43020000 - 0x00007ffd4303e000 	C:\Windows\SYSTEM32\MPR.dll
0x00007ffd59350000 - 0x00007ffd59490000 	C:\Windows\system32\RPCRT4.dll
0x00007ffd57410000 - 0x00007ffd57469000 	C:\Windows\SYSTEM32\sechost.dll
0x00007ffd57020000 - 0x00007ffd57230000 	C:\Windows\SYSTEM32\combase.dll
0x00007ffd56c40000 - 0x00007ffd56d8c000 	C:\Windows\system32\GDI32.dll
0x00007ffd565c0000 - 0x00007ffd565d5000 	C:\Windows\SYSTEM32\profapi.dll
0x00007ffd547a0000 - 0x00007ffd54852000 	C:\Windows\SYSTEM32\SHCORE.dll
0x00007ffd589b0000 - 0x00007ffd589e6000 	C:\Windows\system32\IMM32.DLL
0x00007ffd58ad0000 - 0x00007ffd58c22000 	C:\Windows\system32\MSCTF.dll
0x00007ffd54350000 - 0x00007ffd545cb000 	C:\Windows\WinSxS\amd64_microsoft.windows.common-controls_6595b64144ccf1df_6.0.9600.19394_none_62486577ecb635cf\COMCTL32.dll
0x000000006f490000 - 0x000000006f562000 	C:\Java\jdk1.8.0_221\jre\bin\msvcr100.dll
0x000000006f640000 - 0x000000006fee5000 	C:\Java\jdk1.8.0_221\jre\bin\server\jvm.dll
0x00007ffd4b940000 - 0x00007ffd4b949000 	C:\Windows\SYSTEM32\WSOCK32.dll
0x00007ffd51a10000 - 0x00007ffd51a32000 	C:\Windows\SYSTEM32\WINMM.dll
0x00007ffd54b40000 - 0x00007ffd54b4a000 	C:\Windows\SYSTEM32\VERSION.dll
0x00007ffd58f00000 - 0x00007ffd58f07000 	C:\Windows\system32\PSAPI.DLL
0x00007ffd590b0000 - 0x00007ffd5910a000 	C:\Windows\system32\WS2_32.dll
0x00007ffd519e0000 - 0x00007ffd51a0a000 	C:\Windows\SYSTEM32\WINMMBASE.dll
0x00007ffd58ac0000 - 0x00007ffd58ac9000 	C:\Windows\system32\NSI.dll
0x00007ffd566f0000 - 0x00007ffd5673f000 	C:\Windows\SYSTEM32\cfgmgr32.dll
0x00007ffd553d0000 - 0x00007ffd553f8000 	C:\Windows\SYSTEM32\DEVOBJ.dll
0x00007ffd51cc0000 - 0x00007ffd51ccf000 	C:\Java\jdk1.8.0_221\jre\bin\verify.dll
0x00007ffd4bde0000 - 0x00007ffd4be09000 	C:\Java\jdk1.8.0_221\jre\bin\java.dll
0x00007ffd4be30000 - 0x00007ffd4be46000 	C:\Java\jdk1.8.0_221\jre\bin\zip.dll
0x00007ffd487e0000 - 0x00007ffd48979000 	C:\Java\jdk1.8.0_221\jre\bin\awt.dll
0x00007ffd589f0000 - 0x00007ffd58ab7000 	C:\Windows\system32\OLEAUT32.dll
0x00007ffd55250000 - 0x00007ffd55379000 	C:\Windows\system32\uxtheme.dll
0x00007ffd54290000 - 0x00007ffd542b1000 	C:\Windows\system32\dwmapi.dll
0x00007ffd55420000 - 0x00007ffd5542b000 	C:\Windows\SYSTEM32\kernel.appcore.dll
0x00007ffd56490000 - 0x00007ffd5649b000 	C:\Windows\SYSTEM32\CRYPTBASE.dll
0x00007ffd56420000 - 0x00007ffd56483000 	C:\Windows\SYSTEM32\bcryptPrimitives.dll
0x00007ffd477d0000 - 0x00007ffd478fb000 	C:\Windows\system32\opengl32.dll
0x00007ffd48c30000 - 0x00007ffd48c5e000 	C:\Windows\SYSTEM32\GLU32.dll
0x00007ffd476d0000 - 0x00007ffd477c8000 	C:\Windows\SYSTEM32\DDRAW.dll
0x00007ffd51840000 - 0x00007ffd51849000 	C:\Windows\SYSTEM32\DCIMAN32.dll
0x00007ffd43940000 - 0x00007ffd43b61000 	C:\Windows\system32\d3d9.dll
0x00007ffd54b50000 - 0x00007ffd54c97000 	C:\Windows\SYSTEM32\aticfx64.dll
0x00007ffd4bd80000 - 0x00007ffd4bda0000 	C:\Windows\SYSTEM32\atiu9p64.dll
0x00007ffd3b8a0000 - 0x00007ffd3c024000 	C:\Windows\SYSTEM32\atiumd64.dll
0x000000006ea20000 - 0x000000006f490000 	C:\Windows\SYSTEM32\atiumd6a.dll

VM Arguments:
jvm_args: -Dfile.encoding=UTF-8 
java_command: yi_java3st_2team.ui.MainFrameHS
java_class_path (initial): D:\workspace\yi_java3st_2team\bin\main;C:\Users\YURI\.gradle\caches\modules-2\files-2.1\com.zaxxer\HikariCP\3.4.2\57128550e21a83cd1dbf7e82d343b8fbe1f435b\HikariCP-3.4.2.jar;C:\Users\YURI\.gradle\caches\modules-2\files-2.1\org.apache.logging.log4j\log4j-core\2.13.0\57b8b57dac4c87696acb4b8457fd8cbf4273d40d\log4j-core-2.13.0.jar;C:\Users\YURI\.gradle\caches\modules-2\files-2.1\org.apache.logging.log4j\log4j-api\2.13.0\adaee84c60e0705cf39df8b9fedfab100d3faf2\log4j-api-2.13.0.jar;C:\Users\YURI\.gradle\caches\modules-2\files-2.1\mysql\mysql-connector-java\5.1.48\9140be77aafa5050bf4bb936d560cbacb5a6b5c1\mysql-connector-java-5.1.48.jar;C:\Users\YURI\.gradle\caches\modules-2\files-2.1\com.jtattoo\JTattoo\1.6.13\d6cea12f39f6422c8bba8abf33bdd876ae80249e\JTattoo-1.6.13.jar;C:\Users\YURI\.gradle\caches\modules-2\files-2.1\com.toedter\jcalendar\1.4\180cf82b37b0c1324e7de33bd0114be7d86678cd\jcalendar-1.4.jar;C:\Users\YURI\.gradle\caches\modules-2\files-2.1\org.slf4j\slf4j-api\1.7.25\da76ca59f6a57ee3102f8f9bd9cee742973efa8a\slf4j-api-1.7.25.jar
Launcher Type: SUN_STANDARD

Environment Variables:
JAVA_HOME=C:\Java\jdk1.8.0_221
PATH=C:/Java/jdk1.8.0_221/bin/../jre/bin/server;C:/Java/jdk1.8.0_221/bin/../jre/bin;C:/Java/jdk1.8.0_221/bin/../jre/lib/amd64;C:\Program Files\Broadcom\Broadcom 802.11;;C:\Windows\system32;C:\Windows;C:\Windows\System32\Wbem;C:\Windows\System32\WindowsPowerShell\v1.0\;C:\Program Files\Hewlett-Packard\SimplePass\;C:\Program Files (x86)\ATI Technologies\ATI.ACE\Core-Static;C:\Program Files\MySQL\MySQL Server 5.7\bin;C:\Java\jdk1.8.0_221\bin;D:\gradle-6.1.1\bin;C:\Java\jdk1.8.0_221\bin;C:\Users\YURI\Desktop\eclipse-jee-2019-09-R-win32-x86_64 (1)\eclipse;
USERNAME=AD
OS=Windows_NT
PROCESSOR_IDENTIFIER=AMD64 Family 22 Model 0 Stepping 1, AuthenticAMD



---------------  S Y S T E M  ---------------

OS: Windows 8.1 , 64 bit Build 9600 (6.3.9600.19358)

CPU:total 4 (initial active 4) (4 cores per cpu, 1 threads per core) family 22 model 0 stepping 1, cmov, cx8, fxsr, mmx, sse, sse2, sse3, ssse3, sse4.1, sse4.2, popcnt, avx, aes, clmul, mmxext, 3dnowpref, lzcnt, sse4a, tsc, tscinvbit, tscinv, bmi1

Memory: 4k page, physical 3621900k(699076k free), swap 6767628k(3688k free)

vm_info: Java HotSpot(TM) 64-Bit Server VM (25.221-b11) for windows-amd64 JRE (1.8.0_221-b11), built on Jul  4 2019 04:39:29 by "java_re" with MS VC++ 10.0 (VS2010)

time: Sat Feb 22 21:14:28 2020
timezone: 대한민국 표준시
elapsed time: 1 seconds (0d 0h 0m 1s)

