#
# There is insufficient memory for the Java Runtime Environment to continue.
# Native memory allocation (malloc) failed to allocate 32744 bytes for ChunkPool::allocate
# Possible reasons:
#   The system is out of physical RAM or swap space
#   The process is running with CompressedOops enabled, and the Java Heap may be blocking the growth of the native heap
# Possible solutions:
#   Reduce memory load on the system
#   Increase physical memory or swap space
#   Check if swap backing store is full
#   Decrease Java heap size (-Xmx/-Xms)
#   Decrease number of Java threads
#   Decrease Java thread stack sizes (-Xss)
#   Set larger code cache with -XX:ReservedCodeCacheSize=
#   JVM is running with Unscaled Compressed Oops mode in which the Java heap is
#     placed in the first 4GB address space. The Java Heap base address is the
#     maximum limit for the native heap growth. Please use -XX:HeapBaseMinAddress
#     to set the Java Heap base and to place the Java Heap above 4GB virtual address.
# This output file may be truncated or incomplete.
#
#  Out of Memory Error (allocation.cpp:272), pid=21892, tid=0x0000000000004d70
#
# JRE version: Java(TM) SE Runtime Environment (8.0_231-b11) (build 1.8.0_231-b11)
# Java VM: Java HotSpot(TM) 64-Bit Server VM (25.231-b11 mixed mode windows-amd64 compressed oops)
# Failed to write core dump. Minidumps are not enabled by default on client versions of Windows
#

---------------  T H R E A D  ---------------

Current thread (0x0000000019a55000):  JavaThread "C1 CompilerThread3" daemon [_thread_in_native, id=19824, stack(0x000000001a490000,0x000000001a590000)]

Stack: [0x000000001a490000,0x000000001a590000]
[error occurred during error reporting (printing stack bounds), id 0xc0000005]

Native frames: (J=compiled Java code, j=interpreted, Vv=VM code, C=native code)


Current CompileTask:
C1:   1621   32       3       java.lang.String::toLowerCase (439 bytes)


---------------  P R O C E S S  ---------------

Java Threads: ( => current thread )
  0x0000000019a5c000 JavaThread "Service Thread" daemon [_thread_blocked, id=21548, stack(0x000000001a590000,0x000000001a690000)]
=>0x0000000019a55000 JavaThread "C1 CompilerThread3" daemon [_thread_in_native, id=19824, stack(0x000000001a490000,0x000000001a590000)]
  0x0000000019a51000 JavaThread "C2 CompilerThread2" daemon [_thread_blocked, id=7248, stack(0x000000001a390000,0x000000001a490000)]
  0x00000000199f0800 JavaThread "C2 CompilerThread1" daemon [_thread_blocked, id=18736, stack(0x000000001a290000,0x000000001a390000)]
  0x00000000199ea000 JavaThread "C2 CompilerThread0" daemon [_thread_blocked, id=18004, stack(0x000000001a190000,0x000000001a290000)]
  0x00000000199e7000 JavaThread "Attach Listener" daemon [_thread_blocked, id=8344, stack(0x000000001a090000,0x000000001a190000)]
  0x00000000199e6000 JavaThread "Signal Dispatcher" daemon [_thread_blocked, id=17448, stack(0x0000000019f90000,0x000000001a090000)]
  0x0000000002b79800 JavaThread "Finalizer" daemon [_thread_blocked, id=19684, stack(0x0000000019dc0000,0x0000000019ec0000)]
  0x0000000002b78000 JavaThread "Reference Handler" daemon [_thread_blocked, id=14784, stack(0x00000000198c0000,0x00000000199c0000)]
  0x0000000002a7e800 JavaThread "main" [_thread_in_native, id=14876, stack(0x0000000002900000,0x0000000002a00000)]

Other Threads:
  0x0000000017ae9800 VMThread [stack: 0x00000000197c0000,0x00000000198c0000] [id=9240]
  0x0000000019a5f000 WatcherThread [stack: 0x000000001a690000,0x000000001a790000] [id=12036]

VM state:not at safepoint (normal execution)

VM Mutex/Monitor currently owned by a thread: None

heap address: 0x0000000081e00000, size: 2018 MB, Compressed Oops mode: 32-bit
Narrow klass base: 0x0000000000000000, Narrow klass shift: 3
Compressed class space size: 1073741824 Address: 0x0000000100000000

Heap:
 PSYoungGen      total 38400K, used 1331K [0x00000000d5f80000, 0x00000000d8a00000, 0x0000000100000000)
  eden space 33280K, 4% used [0x00000000d5f80000,0x00000000d60ccce8,0x00000000d8000000)
  from space 5120K, 0% used [0x00000000d8500000,0x00000000d8500000,0x00000000d8a00000)
  to   space 5120K, 0% used [0x00000000d8000000,0x00000000d8000000,0x00000000d8500000)
 ParOldGen       total 87552K, used 0K [0x0000000081e00000, 0x0000000087380000, 0x00000000d5f80000)
  object space 87552K, 0% used [0x0000000081e00000,0x0000000081e00000,0x0000000087380000)
 Metaspace       used 3374K, capacity 4534K, committed 4864K, reserved 1056768K
  class space    used 398K, capacity 426K, committed 512K, reserved 1048576K

Card table byte_map: [0x0000000011f40000,0x0000000012340000] byte_map_base: 0x0000000011b31000

Marking Bits: (ParMarkBitMap*) 0x000000005e116d90
 Begin Bits: [0x0000000012df0000, 0x0000000014d78000)
 End Bits:   [0x0000000014d78000, 0x0000000016d00000)

Polling page: 0x00000000028c0000

CodeCache: size=245760Kb used=1128Kb max_used=1128Kb free=244632Kb
 bounds [0x0000000002b80000, 0x0000000002df0000, 0x0000000011b80000]
 total_blobs=276 nmethods=31 adapters=158
 compilation: enabled

Compilation events (10 events):
Event: 1.611 Thread 0x0000000019a55000 nmethod 27 0x0000000002c98750 code [0x0000000002c988a0, 0x0000000002c989d0]
Event: 1.611 Thread 0x0000000019a55000   28       3       java.util.BitSet::checkInvariants (111 bytes)
Event: 1.611 Thread 0x0000000019a55000 nmethod 28 0x0000000002c98a50 code [0x0000000002c98ba0, 0x0000000002c98d30]
Event: 1.611 Thread 0x0000000019a55000   29       3       java.lang.Character::toLowerCase (6 bytes)
Event: 1.611 Thread 0x0000000019a55000 nmethod 29 0x0000000002c98d90 code [0x0000000002c98f00, 0x0000000002c99198]
Event: 1.613 Thread 0x0000000019a55000   30       3       java.util.HashMap::hash (20 bytes)
Event: 1.613 Thread 0x0000000019a55000 nmethod 30 0x0000000002c992d0 code [0x0000000002c99440, 0x0000000002c99688]
Event: 1.615 Thread 0x0000000019a55000   31       1       java.lang.Object::<init> (1 bytes)
Event: 1.615 Thread 0x0000000019a55000 nmethod 31 0x0000000002c99ed0 code [0x0000000002c9a020, 0x0000000002c9a130]
Event: 1.617 Thread 0x0000000019a55000   32       3       java.lang.String::toLowerCase (439 bytes)

GC Heap History (0 events):
No events

Deoptimization events (0 events):
No events

Classes redefined (0 events):
No events

Internal exceptions (6 events):
Event: 0.108 Thread 0x0000000002a7e800 Exception <a 'java/lang/NoSuchMethodError': Method sun.misc.Unsafe.defineClass(Ljava/lang/String;[BII)Ljava/lang/Class; name or signature does not match> (0x00000000d5f87cb8) thrown at [C:\re\workspace\8-2-build-windows-amd64-cygwin\jdk8u231\13620\hotspot
Event: 0.108 Thread 0x0000000002a7e800 Exception <a 'java/lang/NoSuchMethodError': Method sun.misc.Unsafe.prefetchRead(Ljava/lang/Object;J)V name or signature does not match> (0x00000000d5f87fa0) thrown at [C:\re\workspace\8-2-build-windows-amd64-cygwin\jdk8u231\13620\hotspot\src\share\vm\prim
Event: 1.617 Thread 0x0000000002a7e800 Exception <a 'java/security/PrivilegedActionException'> (0x00000000d600bb98) thrown at [C:\re\workspace\8-2-build-windows-amd64-cygwin\jdk8u231\13620\hotspot\src\share\vm\prims\jvm.cpp, line 1502]
Event: 1.617 Thread 0x0000000002a7e800 Exception <a 'java/security/PrivilegedActionException'> (0x00000000d600bda8) thrown at [C:\re\workspace\8-2-build-windows-amd64-cygwin\jdk8u231\13620\hotspot\src\share\vm\prims\jvm.cpp, line 1502]
Event: 1.619 Thread 0x0000000002a7e800 Exception <a 'java/security/PrivilegedActionException'> (0x00000000d600fa18) thrown at [C:\re\workspace\8-2-build-windows-amd64-cygwin\jdk8u231\13620\hotspot\src\share\vm\prims\jvm.cpp, line 1502]
Event: 1.619 Thread 0x0000000002a7e800 Exception <a 'java/security/PrivilegedActionException'> (0x00000000d600fc28) thrown at [C:\re\workspace\8-2-build-windows-amd64-cygwin\jdk8u231\13620\hotspot\src\share\vm\prims\jvm.cpp, line 1502]

Events (10 events):
Event: 1.616 loading class sun/misc/FileURLMapper done
Event: 1.617 loading class java/io/FileNotFoundException
Event: 1.617 loading class java/io/IOException
Event: 1.617 loading class java/io/IOException done
Event: 1.617 loading class java/io/FileNotFoundException done
Event: 1.617 loading class java/security/PrivilegedActionException
Event: 1.617 loading class java/security/PrivilegedActionException done
Event: 1.619 loading class java/net/URLClassLoader$3$1
Event: 1.619 loading class java/net/URLClassLoader$3$1 done
Event: 1.619 loading class java/util/ResourceBundle$CacheKey


Dynamic libraries:
0x00007ff677790000 - 0x00007ff6777c7000 	C:\Program Files\Java\jre1.8.0_231\bin\javaw.exe
0x00007ffdaba60000 - 0x00007ffdabc50000 	C:\WINDOWS\SYSTEM32\ntdll.dll
0x00007ffdaa130000 - 0x00007ffdaa1e2000 	C:\WINDOWS\System32\KERNEL32.DLL
0x00007ffda91c0000 - 0x00007ffda9463000 	C:\WINDOWS\System32\KERNELBASE.dll
0x00007ffdaa080000 - 0x00007ffdaa123000 	C:\WINDOWS\System32\ADVAPI32.dll
0x00007ffdaa1f0000 - 0x00007ffdaa28e000 	C:\WINDOWS\System32\msvcrt.dll
0x00007ffdab980000 - 0x00007ffdaba17000 	C:\WINDOWS\System32\sechost.dll
0x00007ffda9e00000 - 0x00007ffda9f20000 	C:\WINDOWS\System32\RPCRT4.dll
0x00007ffdab130000 - 0x00007ffdab2c4000 	C:\WINDOWS\System32\USER32.dll
0x00007ffda9490000 - 0x00007ffda94b1000 	C:\WINDOWS\System32\win32u.dll
0x00007ffda9b10000 - 0x00007ffda9b36000 	C:\WINDOWS\System32\GDI32.dll
0x00007ffda9840000 - 0x00007ffda99d4000 	C:\WINDOWS\System32\gdi32full.dll
0x00007ffda96f0000 - 0x00007ffda978e000 	C:\WINDOWS\System32\msvcp_win.dll
0x00007ffda9a10000 - 0x00007ffda9b0a000 	C:\WINDOWS\System32\ucrtbase.dll
0x00007ffd9b130000 - 0x00007ffd9b3b5000 	C:\WINDOWS\WinSxS\amd64_microsoft.windows.common-controls_6595b64144ccf1df_6.0.18362.657_none_e6c5b579130e3898\COMCTL32.dll
0x00007ffdaad30000 - 0x00007ffdab066000 	C:\WINDOWS\System32\combase.dll
0x00007ffda94c0000 - 0x00007ffda9540000 	C:\WINDOWS\System32\bcryptPrimitives.dll
0x00007ffda9dd0000 - 0x00007ffda9dfe000 	C:\WINDOWS\System32\IMM32.DLL
0x000000005e270000 - 0x000000005e342000 	C:\Program Files\Java\jre1.8.0_231\bin\msvcr100.dll
0x000000005d8f0000 - 0x000000005e196000 	C:\Program Files\Java\jre1.8.0_231\bin\server\jvm.dll
0x00007ffdab120000 - 0x00007ffdab128000 	C:\WINDOWS\System32\PSAPI.DLL
0x00007ffd9c700000 - 0x00007ffd9c709000 	C:\WINDOWS\SYSTEM32\WSOCK32.dll
0x00007ffdaab10000 - 0x00007ffdaab7f000 	C:\WINDOWS\System32\WS2_32.dll
0x00007ffd9dde0000 - 0x00007ffd9de04000 	C:\WINDOWS\SYSTEM32\WINMM.dll
0x00007ffda45d0000 - 0x00007ffda45da000 	C:\WINDOWS\SYSTEM32\VERSION.dll
0x00007ffd9df00000 - 0x00007ffd9df2d000 	C:\WINDOWS\SYSTEM32\WINMMBASE.dll
0x00007ffda89f0000 - 0x00007ffda8a3a000 	C:\WINDOWS\System32\cfgmgr32.dll
0x00007ffda32b0000 - 0x00007ffda32bf000 	C:\Program Files\Java\jre1.8.0_231\bin\verify.dll
0x00007ffd9d790000 - 0x00007ffd9d7b9000 	C:\Program Files\Java\jre1.8.0_231\bin\java.dll
0x00007ffda0630000 - 0x00007ffda0646000 	C:\Program Files\Java\jre1.8.0_231\bin\zip.dll
0x00007ffdaa3a0000 - 0x00007ffdaaa85000 	C:\WINDOWS\System32\SHELL32.dll
0x00007ffdab070000 - 0x00007ffdab119000 	C:\WINDOWS\System32\shcore.dll
0x00007ffda8a40000 - 0x00007ffda91bf000 	C:\WINDOWS\System32\windows.storage.dll
0x00007ffda89b0000 - 0x00007ffda89cf000 	C:\WINDOWS\System32\profapi.dll
0x00007ffda8960000 - 0x00007ffda89aa000 	C:\WINDOWS\System32\powrprof.dll
0x00007ffda8930000 - 0x00007ffda8940000 	C:\WINDOWS\System32\UMPDC.dll
0x00007ffdaacd0000 - 0x00007ffdaad22000 	C:\WINDOWS\System32\shlwapi.dll
0x00007ffda8940000 - 0x00007ffda8951000 	C:\WINDOWS\System32\kernel.appcore.dll
0x00007ffda9470000 - 0x00007ffda9487000 	C:\WINDOWS\System32\cryptsp.dll

VM Arguments:
jvm_args: -Dfile.encoding=UTF-8 
java_command: yi_java3st_2team.ui.LoginFrameIS
java_class_path (initial): C:\workspace\workspace_java\yi_java3st_2team\bin\main;C:\Users\dlstj\.gradle\caches\modules-2\files-2.1\com.zaxxer\HikariCP\3.4.2\57128550e21a83cd1dbf7e82d343b8fbe1f435b\HikariCP-3.4.2.jar;C:\Users\dlstj\.gradle\caches\modules-2\files-2.1\org.apache.logging.log4j\log4j-core\2.13.0\57b8b57dac4c87696acb4b8457fd8cbf4273d40d\log4j-core-2.13.0.jar;C:\Users\dlstj\.gradle\caches\modules-2\files-2.1\org.apache.logging.log4j\log4j-api\2.13.0\adaee84c60e0705cf39df8b9fedfab100d3faf2\log4j-api-2.13.0.jar;C:\Users\dlstj\.gradle\caches\modules-2\files-2.1\mysql\mysql-connector-java\5.1.48\9140be77aafa5050bf4bb936d560cbacb5a6b5c1\mysql-connector-java-5.1.48.jar;C:\Users\dlstj\.gradle\caches\modules-2\files-2.1\com.jtattoo\JTattoo\1.6.13\d6cea12f39f6422c8bba8abf33bdd876ae80249e\JTattoo-1.6.13.jar;C:\Users\dlstj\.gradle\caches\modules-2\files-2.1\com.toedter\jcalendar\1.4\180cf82b37b0c1324e7de33bd0114be7d86678cd\jcalendar-1.4.jar;C:\Users\dlstj\.gradle\caches\modules-2\files-2.1\org.jfree\jfreechart\1.5.0\bc7919249bac68c15c433ed51cb798a1bf8cd74e\jfreechart-1.5.0.jar;C:\Users\dlstj\.gradle\caches\modules-2\files-2.1\org.slf4j\slf4j-api\1.7.25\da76ca59f6a57ee3102f8f9bd9cee742973efa8a\slf4j-api-1.7.25.jar
Launcher Type: SUN_STANDARD

Environment Variables:
JAVA_HOME=C:\Program Files\Java\jdk1.8.0_231
PATH=C:/Program Files/Java/jre1.8.0_231/bin/server;C:/Program Files/Java/jre1.8.0_231/bin;C:/Program Files/Java/jre1.8.0_231/lib/amd64;C:\Program Files (x86)\Common Files\Oracle\Java\javapath;C:\Program Files (x86)\Intel\iCLS Client\;C:\Program Files\Intel\iCLS Client\;C:\WINDOWS\system32;C:\WINDOWS;C:\WINDOWS\System32\Wbem;C:\WINDOWS\System32\WindowsPowerShell\v1.0\;C:\Program Files (x86)\Intel\Intel(R) Management Engine Components\DAL;C:\Program Files\Intel\Intel(R) Management Engine Components\DAL;C:\Program Files (x86)\Intel\Intel(R) Management Engine Components\IPT;C:\Program Files\Intel\Intel(R) Management Engine Components\IPT;C:\WINDOWS\System32\OpenSSH\;C:\Program Files\Intel\WiFi\bin\;C:\Program Files\Common Files\Intel\WirelessCommon\;C:\Program Files\Java\jdk1.8.0_231\bin;C:\Program Files\MySQL\MySQL Server 5.7\bin;C:\gradle-6.2\bin;C:\Users\dlstj\AppData\Local\Microsoft\WindowsApps;C:\Program Files\Bandizip\;;C:\eclipse_java\eclipse;
USERNAME=dlstj
OS=Windows_NT
PROCESSOR_IDENTIFIER=Intel64 Family 6 Model 142 Stepping 10, GenuineIntel



---------------  S Y S T E M  ---------------

OS: Windows 10.0 , 64 bit Build 18362 (10.0.18362.329)

CPU:total 8 (initial active 8) (4 cores per cpu, 2 threads per core) family 6 model 142 stepping 10, cmov, cx8, fxsr, mmx, sse, sse2, sse3, ssse3, sse4.1, sse4.2, popcnt, avx, avx2, aes, clmul, erms, 3dnowpref, lzcnt, ht, tsc, tscinvbit, bmi1, bmi2, adx

Memory: 4k page, physical 8259236k(2731904k free), swap 23726880k(80k free)

vm_info: Java HotSpot(TM) 64-Bit Server VM (25.231-b11) for windows-amd64 JRE (1.8.0_231-b11), built on Oct  5 2019 03:11:30 by "java_re" with MS VC++ 10.0 (VS2010)

time: Mon Feb 24 23:32:06 2020
timezone: 
elapsed time: 1 seconds (0d 0h 0m 1s)

