#
# A fatal error has been detected by the Java Runtime Environment:
#
#  Internal Error (0xc06d007e), pid=19048, tid=0x0000000000003440
#
# JRE version:  (8.0_231-b11) (build )
# Java VM: Java HotSpot(TM) 64-Bit Server VM (25.231-b11 mixed mode windows-amd64 compressed oops)
# Problematic frame:
# C  [KERNELBASE.dll+0x3a839]
#
# Failed to write core dump. Minidumps are not enabled by default on client versions of Windows
#
# If you would like to submit a bug report, please visit:
#   http://bugreport.java.com/bugreport/crash.jsp
# The crash happened outside the Java Virtual Machine in native code.
# See problematic frame for where to report the bug.
#

---------------  T H R E A D  ---------------

Current thread (0x000000000248e800):  JavaThread "main" [_thread_in_native, id=13376, stack(0x0000000002490000,0x0000000002590000)]

siginfo: ExceptionCode=0xc06d007e, ExceptionInformation=0x000000000258ec50 

Registers:
RAX=0x0000000000000000, RBX=0x0000000000000000, RCX=0x0000000000000000, RDX=0x0000000300000020
RSP=0x000000000258eb50, RBP=0x000000000258eca8, RSI=0x00007ffd9d7ad8a4, RDI=0x0000000000000000
R8 =0x000000000258e5d0, R9 =0x000000000258e4f0, R10=0x00007ffd02000200, R11=0x000000000258e5a0
R12=0x0000000000000001, R13=0x00007ffd9d7b5780, R14=0x00007ffd9d7b5510, R15=0x00007ffd9d7ad930
RIP=0x00007ffda91fa839, EFLAGS=0x0000000000000206

Top of Stack: (sp=0x000000000258eb50)
0x000000000258eb50:   00007ffd9d7b5780 0000000000000000
0x000000000258eb60:   00007ffd9d7ad8a4 0000000000000000
0x000000000258eb70:   00000000c06d007e 0000000000000000
0x000000000258eb80:   00007ffda91fa839 00007ffd00000001
0x000000000258eb90:   000000000258ec50 00007ffd9d7ad8a4
0x000000000258eba0:   0000000000000000 0000000000000000
0x000000000258ebb0:   0000000000000000 00007ffda921c6b0
0x000000000258ebc0:   0000000000000000 00007ffd9d7ad8a4
0x000000000258ebd0:   0000a9103c73cd34 0000000000000000
0x000000000258ebe0:   0000000000000000 0000000000000000
0x000000000258ebf0:   00007ffd9d7acb80 00007ffda921bc6f
0x000000000258ec00:   0000000000000000 000000005e2c4e7e
0x000000000258ec10:   000048be4081092c 000000005e295695
0x000000000258ec20:   0000000000000000 00007ffd9d7a87c7
0x000000000258ec30:   0000000000000000 00007ffd9d7ad8a4
0x000000000258ec40:   0000000000000001 000000005e2c38a8 

Instructions: (pc=0x00007ffda91fa839)
0x00007ffda91fa819:   8b d1 44 0f 47 c0 44 89 44 24 38 49 c1 e0 03 e8
0x00007ffda91fa829:   ca 4c 05 00 48 8d 4c 24 20 48 ff 15 ef c3 16 00
0x00007ffda91fa839:   0f 1f 44 00 00 48 8b 8c 24 c0 00 00 00 48 33 cc
0x00007ffda91fa849:   e8 c2 ee 04 00 48 81 c4 d8 00 00 00 c3 83 64 24 


Register to memory mapping:

RAX=0x0000000000000000 is an unknown value
RBX=0x0000000000000000 is an unknown value
RCX=0x0000000000000000 is an unknown value
RDX=0x0000000300000020 is an unknown value
RSP=0x000000000258eb50 is pointing into the stack for thread: 0x000000000248e800
RBP=0x000000000258eca8 is pointing into the stack for thread: 0x000000000248e800
RSI=0x00007ffd9d7ad8a4 is an unknown value
RDI=0x0000000000000000 is an unknown value
R8 =0x000000000258e5d0 is pointing into the stack for thread: 0x000000000248e800
R9 =0x000000000258e4f0 is pointing into the stack for thread: 0x000000000248e800
R10=0x00007ffd02000200 is an unknown value
R11=0x000000000258e5a0 is pointing into the stack for thread: 0x000000000248e800
R12=0x0000000000000001 is an unknown value
R13=0x00007ffd9d7b5780 is an unknown value
R14=0x00007ffd9d7b5510 is an unknown value
R15=0x00007ffd9d7ad930 is an unknown value


Stack: [0x0000000002490000,0x0000000002590000],  sp=0x000000000258eb50,  free space=1018k
Native frames: (J=compiled Java code, j=interpreted, Vv=VM code, C=native code)
C  [KERNELBASE.dll+0x3a839]
C  [java.dll+0x187c7]
C  [java.dll+0x185f3]
C  [java.dll+0xcf3a]
C  [java.dll+0xd6bb]
C  [java.dll+0x60e4]
C  0x00000000026a8c67

Java frames: (J=compiled Java code, j=interpreted, Vv=VM code)
j  java.lang.System.initProperties(Ljava/util/Properties;)Ljava/util/Properties;+0
j  java.lang.System.initializeSystemClass()V+13
v  ~StubRoutines::call_stub

---------------  P R O C E S S  ---------------

Java Threads: ( => current thread )
  0x0000000002689800 JavaThread "Finalizer" daemon [_thread_blocked, id=1796, stack(0x00000000198d0000,0x00000000199d0000)]
  0x0000000002688000 JavaThread "Reference Handler" daemon [_thread_blocked, id=15432, stack(0x00000000193d0000,0x00000000194d0000)]
=>0x000000000248e800 JavaThread "main" [_thread_in_native, id=13376, stack(0x0000000002490000,0x0000000002590000)]

Other Threads:
  0x00000000175f9800 VMThread [stack: 0x00000000192d0000,0x00000000193d0000] [id=10888]

VM state:not at safepoint (normal execution)

VM Mutex/Monitor currently owned by a thread: None

heap address: 0x0000000081e00000, size: 2018 MB, Compressed Oops mode: 32-bit
Narrow klass base: 0x0000000000000000, Narrow klass shift: 3
Compressed class space size: 1073741824 Address: 0x0000000100000000

Heap:
 PSYoungGen      total 38400K, used 665K [0x00000000d5f80000, 0x00000000d8a00000, 0x0000000100000000)
  eden space 33280K, 2% used [0x00000000d5f80000,0x00000000d6026670,0x00000000d8000000)
  from space 5120K, 0% used [0x00000000d8500000,0x00000000d8500000,0x00000000d8a00000)
  to   space 5120K, 0% used [0x00000000d8000000,0x00000000d8000000,0x00000000d8500000)
 ParOldGen       total 87552K, used 0K [0x0000000081e00000, 0x0000000087380000, 0x00000000d5f80000)
  object space 87552K, 0% used [0x0000000081e00000,0x0000000081e00000,0x0000000087380000)
 Metaspace       used 1077K, capacity 4480K, committed 4480K, reserved 1056768K
  class space    used 117K, capacity 384K, committed 384K, reserved 1048576K

Card table byte_map: [0x0000000011a50000,0x0000000011e50000] byte_map_base: 0x0000000011641000

Marking Bits: (ParMarkBitMap*) 0x000000005e116d90
 Begin Bits: [0x0000000012900000, 0x0000000014888000)
 End Bits:   [0x0000000014888000, 0x0000000016810000)

Polling page: 0x0000000000a90000

CodeCache: size=245760Kb used=406Kb max_used=406Kb free=245353Kb
 bounds [0x0000000002690000, 0x0000000002900000, 0x0000000011690000]
 total_blobs=103 nmethods=0 adapters=77
 compilation: enabled

Compilation events (0 events):
No events

GC Heap History (0 events):
No events

Deoptimization events (0 events):
No events

Classes redefined (0 events):
No events

Internal exceptions (2 events):
Event: 0.597 Thread 0x000000000248e800 Exception <a 'java/lang/NoSuchMethodError': Method sun.misc.Unsafe.defineClass(Ljava/lang/String;[BII)Ljava/lang/Class; name or signature does not match> (0x00000000d5f87cb8) thrown at [C:\re\workspace\8-2-build-windows-amd64-cygwin\jdk8u231\13620\hotspot
Event: 0.597 Thread 0x000000000248e800 Exception <a 'java/lang/NoSuchMethodError': Method sun.misc.Unsafe.prefetchRead(Ljava/lang/Object;J)V name or signature does not match> (0x00000000d5f87fa0) thrown at [C:\re\workspace\8-2-build-windows-amd64-cygwin\jdk8u231\13620\hotspot\src\share\vm\prim

Events (10 events):
Event: 0.598 loading class java/util/HashMap$Node done
Event: 0.598 loading class sun/misc/VM
Event: 0.598 loading class sun/misc/VM done
Event: 0.599 loading class java/util/Hashtable$Entry
Event: 0.599 loading class java/util/Hashtable$Entry done
Event: 0.599 loading class java/lang/Math
Event: 0.599 loading class java/lang/Math done
Event: 0.600 loading class java/lang/ref/Finalizer$FinalizerThread
Event: 0.601 loading class java/lang/ref/Finalizer$FinalizerThread done
Event: 0.601 Thread 0x0000000002689800 Thread added: 0x0000000002689800


Dynamic libraries:
0x00007ff677790000 - 0x00007ff6777c7000 	C:\Program Files\Java\jre1.8.0_231\bin\javaw.exe
0x00007ffdaba60000 - 0x00007ffdabc50000 	C:\WINDOWS\SYSTEM32\ntdll.dll
0x00007ffdaa130000 - 0x00007ffdaa1e2000 	C:\WINDOWS\System32\KERNEL32.DLL
0x00007ffda91c0000 - 0x00007ffda9463000 	C:\WINDOWS\System32\KERNELBASE.dll
0x00007ffdaa080000 - 0x00007ffdaa123000 	C:\WINDOWS\System32\ADVAPI32.dll
0x00007ffdaa1f0000 - 0x00007ffdaa28e000 	C:\WINDOWS\System32\msvcrt.dll
0x00007ffdab980000 - 0x00007ffdaba17000 	C:\WINDOWS\System32\sechost.dll
0x00007ffda9e00000 - 0x00007ffda9f20000 	C:\WINDOWS\System32\RPCRT4.dll
0x00007ffdab130000 - 0x00007ffdab2c4000 	C:\WINDOWS\System32\USER32.dll
0x00007ffda9490000 - 0x00007ffda94b1000 	C:\WINDOWS\System32\win32u.dll
0x00007ffda9b10000 - 0x00007ffda9b36000 	C:\WINDOWS\System32\GDI32.dll
0x00007ffda9840000 - 0x00007ffda99d4000 	C:\WINDOWS\System32\gdi32full.dll
0x00007ffda96f0000 - 0x00007ffda978e000 	C:\WINDOWS\System32\msvcp_win.dll
0x00007ffda9a10000 - 0x00007ffda9b0a000 	C:\WINDOWS\System32\ucrtbase.dll
0x00007ffd9b130000 - 0x00007ffd9b3b5000 	C:\WINDOWS\WinSxS\amd64_microsoft.windows.common-controls_6595b64144ccf1df_6.0.18362.657_none_e6c5b579130e3898\COMCTL32.dll
0x00007ffdaad30000 - 0x00007ffdab066000 	C:\WINDOWS\System32\combase.dll
0x00007ffda94c0000 - 0x00007ffda9540000 	C:\WINDOWS\System32\bcryptPrimitives.dll
0x00007ffda9dd0000 - 0x00007ffda9dfe000 	C:\WINDOWS\System32\IMM32.DLL
0x000000005e270000 - 0x000000005e342000 	C:\Program Files\Java\jre1.8.0_231\bin\msvcr100.dll
0x000000005d8f0000 - 0x000000005e196000 	C:\Program Files\Java\jre1.8.0_231\bin\server\jvm.dll
0x00007ffdab120000 - 0x00007ffdab128000 	C:\WINDOWS\System32\PSAPI.DLL
0x00007ffd9c700000 - 0x00007ffd9c709000 	C:\WINDOWS\SYSTEM32\WSOCK32.dll
0x00007ffd9dde0000 - 0x00007ffd9de04000 	C:\WINDOWS\SYSTEM32\WINMM.dll
0x00007ffda45d0000 - 0x00007ffda45da000 	C:\WINDOWS\SYSTEM32\VERSION.dll
0x00007ffdaab10000 - 0x00007ffdaab7f000 	C:\WINDOWS\System32\WS2_32.dll
0x00007ffd9df00000 - 0x00007ffd9df2d000 	C:\WINDOWS\SYSTEM32\winmmbase.dll
0x00007ffda89f0000 - 0x00007ffda8a3a000 	C:\WINDOWS\System32\cfgmgr32.dll
0x00007ffda32b0000 - 0x00007ffda32bf000 	C:\Program Files\Java\jre1.8.0_231\bin\verify.dll
0x00007ffd9d790000 - 0x00007ffd9d7b9000 	C:\Program Files\Java\jre1.8.0_231\bin\java.dll
0x00007ffda0630000 - 0x00007ffda0646000 	C:\Program Files\Java\jre1.8.0_231\bin\zip.dll
0x00007ffda7250000 - 0x00007ffda7444000 	C:\WINDOWS\SYSTEM32\dbghelp.dll

VM Arguments:
jvm_args: -Dfile.encoding=UTF-8 
java_command: yi_java3st_2team.ui.LoginFrameIS
java_class_path (initial): C:\workspace\workspace_java\yi_java3st_2team\bin\main;C:\Users\dlstj\.gradle\caches\modules-2\files-2.1\com.zaxxer\HikariCP\3.4.2\57128550e21a83cd1dbf7e82d343b8fbe1f435b\HikariCP-3.4.2.jar;C:\Users\dlstj\.gradle\caches\modules-2\files-2.1\org.apache.logging.log4j\log4j-core\2.13.0\57b8b57dac4c87696acb4b8457fd8cbf4273d40d\log4j-core-2.13.0.jar;C:\Users\dlstj\.gradle\caches\modules-2\files-2.1\org.apache.logging.log4j\log4j-api\2.13.0\adaee84c60e0705cf39df8b9fedfab100d3faf2\log4j-api-2.13.0.jar;C:\Users\dlstj\.gradle\caches\modules-2\files-2.1\mysql\mysql-connector-java\5.1.48\9140be77aafa5050bf4bb936d560cbacb5a6b5c1\mysql-connector-java-5.1.48.jar;C:\Users\dlstj\.gradle\caches\modules-2\files-2.1\com.jtattoo\JTattoo\1.6.13\d6cea12f39f6422c8bba8abf33bdd876ae80249e\JTattoo-1.6.13.jar;C:\Users\dlstj\.gradle\caches\modules-2\files-2.1\com.toedter\jcalendar\1.4\180cf82b37b0c1324e7de33bd0114be7d86678cd\jcalendar-1.4.jar;C:\Users\dlstj\.gradle\caches\modules-2\files-2.1\org.jfree\jfreechart\1.5.0\bc7919249bac68c15c433ed51cb798a1bf8cd74e\jfreechart-1.5.0.jar;C:\Users\dlstj\.gradle\caches\modules-2\files-2.1\org.slf4j\slf4j-api\1.7.25\da76ca59f6a57ee3102f8f9bd9cee742973efa8a\slf4j-api-1.7.25.jar
Launcher Type: SUN_STANDARD

Environment Variables:
JAVA_HOME=C:\Program Files\Java\jdk1.8.0_231
PATH=C:/Program Files/Java/jre1.8.0_231/bin/server;C:/Program Files/Java/jre1.8.0_231/bin;C:/Program Files/Java/jre1.8.0_231/lib/amd64;C:\Program Files (x86)\Common Files\Oracle\Java\javapath;C:\Program Files (x86)\Intel\iCLS Client\;C:\Program Files\Intel\iCLS Client\;C:\WINDOWS\system32;C:\WINDOWS;C:\WINDOWS\System32\Wbem;C:\WINDOWS\System32\WindowsPowerShell\v1.0\;C:\Program Files (x86)\Intel\Intel(R) Management Engine Components\DAL;C:\Program Files\Intel\Intel(R) Management Engine Components\DAL;C:\Program Files (x86)\Intel\Intel(R) Management Engine Components\IPT;C:\Program Files\Intel\Intel(R) Management Engine Components\IPT;C:\WINDOWS\System32\OpenSSH\;C:\Program Files\Intel\WiFi\bin\;C:\Program Files\Common Files\Intel\WirelessCommon\;C:\Program Files\Java\jdk1.8.0_231\bin;C:\Program Files\MySQL\MySQL Server 5.7\bin;C:\gradle-6.2\bin;C:\Users\dlstj\AppData\Local\Microsoft\WindowsApps;C:\Program Files\Bandizip\;;C:\eclipse_java\eclipse;
USERNAME=dlstj
OS=Windows_NT
PROCESSOR_IDENTIFIER=Intel64 Family 6 Model 142 Stepping 10, GenuineIntel



---------------  S Y S T E M  ---------------

OS: Windows 10.0 , 64 bit Build 18362 (10.0.18362.329)

CPU:total 8 (initial active 8) (4 cores per cpu, 2 threads per core) family 6 model 142 stepping 10, cmov, cx8, fxsr, mmx, sse, sse2, sse3, ssse3, sse4.1, sse4.2, popcnt, avx, avx2, aes, clmul, erms, 3dnowpref, lzcnt, ht, tsc, tscinvbit, bmi1, bmi2, adx

Memory: 4k page, physical 8259236k(2701024k free), swap 23726880k(678580k free)

vm_info: Java HotSpot(TM) 64-Bit Server VM (25.231-b11) for windows-amd64 JRE (1.8.0_231-b11), built on Oct  5 2019 03:11:30 by "java_re" with MS VC++ 10.0 (VS2010)

time: Mon Feb 24 23:32:07 2020
timezone: 
elapsed time: 1 seconds (0d 0h 0m 1s)

