[TRACE] [2020-02-10 18:42:54] setUpBeforeClass()
[TRACE] [2020-02-10 18:42:54] setUp()
[TRACE] [2020-02-10 18:42:54] testGetConnection()
[TRACE] [2020-02-10 18:42:54] HikariProxyConnection@381678167 wrapping com.mysql.jdbc.JDBC4Connection@5c2e5c5a
[TRACE] [2020-02-10 18:42:54] tearDown()
[TRACE] [2020-02-10 18:42:54] tearDownAfterClass()
[TRACE] [2020-02-21 23:41:54] setUpBeforeClass()
[TRACE] [2020-02-21 23:41:54] setUp()
[TRACE] [2020-02-21 23:41:54] testGetConnection()
[TRACE] [2020-02-21 23:42:16] tearDown()
[TRACE] [2020-02-21 23:42:16] tearDownAfterClass()
[TRACE] [2020-02-22 00:28:28] setUpBeforeClass()
[TRACE] [2020-02-22 00:28:28] setUp()
[TRACE] [2020-02-22 00:28:28] testGetConnection()
[TRACE] [2020-02-22 00:28:50] tearDown()
[TRACE] [2020-02-22 00:28:50] tearDownAfterClass()
[TRACE] [2020-02-22 16:38:12] setUpBeforeClass()
[TRACE] [2020-02-22 16:38:12] setUp()
[TRACE] [2020-02-22 16:38:12] testGetConnection()
[TRACE] [2020-02-22 16:38:34] tearDown()
[TRACE] [2020-02-22 16:38:34] tearDownAfterClass()
[TRACE] [2020-02-22 21:23:44] setUpBeforeClass()
[TRACE] [2020-02-22 21:23:44] setUp()
[TRACE] [2020-02-22 21:23:44] testGetConnection()
[TRACE] [2020-02-22 21:24:07] tearDown()
[TRACE] [2020-02-22 21:24:07] tearDownAfterClass()
